

Started GET "/" for ::1 at 2016-05-03 00:28:31 -0400
Processing by Rails::WelcomeController#index as HTML
  Rendered C:/RailsInstaller/Ruby2.2.0/lib/ruby/gems/2.2.0/gems/railties-4.2.5.1/lib/rails/templates/rails/welcome/index.html.erb (6.0ms)
Completed 200 OK in 140ms (Views: 104.8ms | ActiveRecord: 0.0ms)
  [1m[36m (174.0ms)[0m  [1mCREATE TABLE "schema_migrations" ("version" character varying NOT NULL) [0m
  [1m[35m (73.0ms)[0m  CREATE UNIQUE INDEX  "unique_schema_migrations" ON "schema_migrations"  ("version")
  [1m[36mActiveRecord::SchemaMigration Load (1.0ms)[0m  [1mSELECT "schema_migrations".* FROM "schema_migrations"[0m
  [1m[36mSQL (18.0ms)[0m  [1mCREATE EXTENSION IF NOT EXISTS "plpgsql"[0m
  [1m[35m (2.0ms)[0m  SELECT version FROM "schema_migrations"
  [1m[36m (155.0ms)[0m  [1mINSERT INTO "schema_migrations" (version) VALUES ('0')[0m
  [1m[35mSQL (0.0ms)[0m  CREATE EXTENSION IF NOT EXISTS "plpgsql"
  [1m[36m (63.0ms)[0m  [1mCREATE TABLE "schema_migrations" ("version" character varying NOT NULL) [0m
  [1m[35m (170.0ms)[0m  CREATE UNIQUE INDEX  "unique_schema_migrations" ON "schema_migrations"  ("version")
  [1m[36m (2.0ms)[0m  [1mSELECT version FROM "schema_migrations"[0m
  [1m[35m (2.0ms)[0m  INSERT INTO "schema_migrations" (version) VALUES ('0')
  [1m[36mActiveRecord::SchemaMigration Load (5.0ms)[0m  [1mSELECT "schema_migrations".* FROM "schema_migrations"[0m
  [1m[36mActiveRecord::SchemaMigration Load (151.0ms)[0m  [1mSELECT "schema_migrations".* FROM "schema_migrations"[0m
Migrating to CreateProjects (20160503211933)
  [1m[35m (1.0ms)[0m  BEGIN
  [1m[36m (845.0ms)[0m  [1mCREATE TABLE "projects" ("id" serial primary key, "name" character varying, "description" character varying, "created_at" timestamp NOT NULL, "updated_at" timestamp NOT NULL) [0m
  [1m[35mSQL (2.0ms)[0m  INSERT INTO "schema_migrations" ("version") VALUES ($1)  [["version", "20160503211933"]]
  [1m[36m (15.0ms)[0m  [1mCOMMIT[0m
  [1m[35mActiveRecord::SchemaMigration Load (1.0ms)[0m  SELECT "schema_migrations".* FROM "schema_migrations"
  [1m[36m (16.0ms)[0m  [1mSELECT t2.oid::regclass::text AS to_table, a1.attname AS column, a2.attname AS primary_key, c.conname AS name, c.confupdtype AS on_update, c.confdeltype AS on_delete
FROM pg_constraint c
JOIN pg_class t1 ON c.conrelid = t1.oid
JOIN pg_class t2 ON c.confrelid = t2.oid
JOIN pg_attribute a1 ON a1.attnum = c.conkey[1] AND a1.attrelid = t1.oid
JOIN pg_attribute a2 ON a2.attnum = c.confkey[1] AND a2.attrelid = t2.oid
JOIN pg_namespace t3 ON c.connamespace = t3.oid
WHERE c.contype = 'f'
  AND t1.relname = 'projects'
  AND t3.nspname = ANY (current_schemas(false))
ORDER BY c.conname
[0m
  [1m[36m (0.0ms)[0m  [1mBEGIN[0m
  [1m[35mSQL (5.0ms)[0m  INSERT INTO "projects" ("created_at", "updated_at") VALUES ($1, $2) RETURNING "id"  [["created_at", "2016-05-03 22:34:34.269657"], ["updated_at", "2016-05-03 22:34:34.269657"]]
  [1m[36m (2.0ms)[0m  [1mCOMMIT[0m
  [1m[35mProject Load (1.0ms)[0m  SELECT  "projects".* FROM "projects"  ORDER BY "projects"."id" DESC LIMIT 1
  [1m[36mProject Load (1.0ms)[0m  [1mSELECT  "projects".* FROM "projects"  ORDER BY "projects"."id" DESC LIMIT 1[0m
  [1m[35mSQL (1.0ms)[0m  DELETE FROM "projects" WHERE "projects"."id" = $1  [["id", 1]]
  [1m[36mProject Load (1.0ms)[0m  [1mSELECT  "projects".* FROM "projects"  ORDER BY "projects"."id" DESC LIMIT 1[0m
  [1m[36m (0.0ms)[0m  [1mBEGIN[0m
  [1m[35m (0.0ms)[0m  ROLLBACK
  [1m[36m (1.0ms)[0m  [1mBEGIN[0m
  [1m[35m (0.0ms)[0m  ROLLBACK
  [1m[36m (0.0ms)[0m  [1mBEGIN[0m
  [1m[35mSQL (2.0ms)[0m  INSERT INTO "projects" ("name", "created_at", "updated_at") VALUES ($1, $2, $3) RETURNING "id"  [["name", "TextMate 2"], ["created_at", "2016-05-04 00:59:30.941078"], ["updated_at", "2016-05-04 00:59:30.941078"]]
  [1m[36m (1.0ms)[0m  [1mCOMMIT[0m
